<?xml version="1.0" encoding="UTF-8"?>
<!-- Generated by org.testng.reporters.JUnitXMLReporter -->
<testsuite ignored="0" hostname="DESKTOP-AG6T759" failures="0" tests="2" name="Testing on Firefox" time="59.114" errors="0" timestamp="2024-05-21T10:02:03 IST">
  <testcase classname="test_package_Amazon.DataProvider_Search_Product" name="Search_multiple_Logins" time="1.241"/>
  <testcase classname="test_package_Amazon.DataProvider_Search_Product" name="Search_multiple_Logins" time="0.469"/>
</testsuite> <!-- Testing on Firefox -->
