<?xml version="1.0" encoding="UTF-8"?>
<!-- Generated by org.testng.reporters.JUnitXMLReporter -->
<testsuite ignored="0" hostname="DESKTOP-AG6T759" failures="8" tests="9" name="Test on Chrome" time="0.224" errors="0" timestamp="2024-05-04T11:44:09 IST">
  <testcase classname="test_package_Amazon.TestCase1_Register" name="Amazon_Register" time="0.067">
    <failure type="java.lang.IllegalArgumentException" message="Driver must be set">
      <![CDATA[java.lang.IllegalArgumentException: Driver must be set
at org.openqa.selenium.internal.Require.nonNull(Require.java:60)
at org.openqa.selenium.interactions.Actions.<init>(Actions.java:59)
at source_package_Amazon.Home_Page.Account_and_Lists(Home_Page.java:37)
at test_package_Amazon.TestCase1_Register.Amazon_Register(TestCase1_Register.java:23)
at java.base/java.util.ArrayList.forEach(ArrayList.java:1511)
... Removed 27 stack frames]]>
    </failure>
  </testcase> <!-- Amazon_Register -->
  <testcase classname="test_package_Amazon.TestCase2_Login" name="Login_ValidCredentials" time="0.004">
    <failure type="java.lang.IllegalArgumentException" message="Driver must be set">
      <![CDATA[java.lang.IllegalArgumentException: Driver must be set
at org.openqa.selenium.internal.Require.nonNull(Require.java:60)
at org.openqa.selenium.interactions.Actions.<init>(Actions.java:59)
at source_package_Amazon.Home_Page.Account_and_Lists(Home_Page.java:37)
at test_package_Amazon.TestCase2_Login.Login_ValidCredentials(TestCase2_Login.java:24)
at java.base/java.util.ArrayList.forEach(ArrayList.java:1511)
... Removed 27 stack frames]]>
    </failure>
  </testcase> <!-- Login_ValidCredentials -->
  <testcase classname="test_package_Amazon.TestCase4_Edit_profile" name="Amazon_Profile_edit" time="0.003">
    <failure type="java.lang.IllegalArgumentException" message="Driver must be set">
      <![CDATA[java.lang.IllegalArgumentException: Driver must be set
at org.openqa.selenium.internal.Require.nonNull(Require.java:60)
at org.openqa.selenium.interactions.Actions.<init>(Actions.java:59)
at source_package_Amazon.Home_Page.Account_and_Lists(Home_Page.java:37)
at test_package_Amazon.TestCase4_Edit_profile.Amazon_Profile_edit(TestCase4_Edit_profile.java:25)
at java.base/java.util.ArrayList.forEach(ArrayList.java:1511)
... Removed 27 stack frames]]>
    </failure>
  </testcase> <!-- Amazon_Profile_edit -->
  <testcase classname="test_package_Amazon.TestCase5_Searching" name="Search_product" time="0.003">
    <failure type="java.lang.NullPointerException" message="Cannot invoke &amp;quot;org.openqa.selenium.SearchContext.findElement(org.openqa.selenium.By)&amp;quot; because &amp;quot;this.searchContext&amp;quot; is null">
      <![CDATA[java.lang.NullPointerException: Cannot invoke "org.openqa.selenium.SearchContext.findElement(org.openqa.selenium.By)" because "this.searchContext" is null
at org.openqa.selenium.support.pagefactory.DefaultElementLocator.findElement(DefaultElementLocator.java:68)
at org.openqa.selenium.support.pagefactory.internal.LocatingElementHandler.invoke(LocatingElementHandler.java:38)
at jdk.proxy2/jdk.proxy2.$Proxy10.sendKeys(Unknown Source)
at source_package_Amazon.Home_Page.Search_function(Home_Page.java:62)
at test_package_Amazon.TestCase5_Searching.Search_product(TestCase5_Searching.java:23)
at java.base/java.util.ArrayList.forEach(ArrayList.java:1511)
... Removed 27 stack frames]]>
    </failure>
  </testcase> <!-- Search_product -->
  <testcase classname="test_package_Amazon.TestCase6_Searching_with_Filters" name="Amazon_Search_and_Filter" time="0.004">
    <failure type="java.lang.NullPointerException" message="Cannot invoke &amp;quot;org.openqa.selenium.SearchContext.findElement(org.openqa.selenium.By)&amp;quot; because &amp;quot;this.searchContext&amp;quot; is null">
      <![CDATA[java.lang.NullPointerException: Cannot invoke "org.openqa.selenium.SearchContext.findElement(org.openqa.selenium.By)" because "this.searchContext" is null
at org.openqa.selenium.support.pagefactory.DefaultElementLocator.findElement(DefaultElementLocator.java:68)
at org.openqa.selenium.support.pagefactory.internal.LocatingElementHandler.invoke(LocatingElementHandler.java:38)
at jdk.proxy2/jdk.proxy2.$Proxy10.click(Unknown Source)
at source_package_Amazon.Search_Result_Page.Sorting_category_list(Search_Result_Page.java:29)
at test_package_Amazon.TestCase6_Searching_with_Filters.Amazon_Search_and_Filter(TestCase6_Searching_with_Filters.java:26)
at java.base/java.util.ArrayList.forEach(ArrayList.java:1511)
... Removed 27 stack frames]]>
    </failure>
  </testcase> <!-- Amazon_Search_and_Filter -->
  <testcase classname="test_package_Amazon.TestCase8_Sorting_Products" name="Amazon_Product_Sorting" time="0.021">
    <failure type="java.lang.NullPointerException" message="Cannot invoke &amp;quot;org.openqa.selenium.SearchContext.findElement(org.openqa.selenium.By)&amp;quot; because &amp;quot;this.searchContext&amp;quot; is null">
      <![CDATA[java.lang.NullPointerException: Cannot invoke "org.openqa.selenium.SearchContext.findElement(org.openqa.selenium.By)" because "this.searchContext" is null
at org.openqa.selenium.support.pagefactory.DefaultElementLocator.findElement(DefaultElementLocator.java:68)
at org.openqa.selenium.support.pagefactory.internal.LocatingElementHandler.invoke(LocatingElementHandler.java:38)
at jdk.proxy2/jdk.proxy2.$Proxy10.sendKeys(Unknown Source)
at source_package_Amazon.Home_Page.Search_function(Home_Page.java:62)
at test_package_Amazon.TestCase8_Sorting_Products.Amazon_Product_Sorting(TestCase8_Sorting_Products.java:22)
at java.base/java.util.ArrayList.forEach(ArrayList.java:1511)
... Removed 27 stack frames]]>
    </failure>
  </testcase> <!-- Amazon_Product_Sorting -->
  <testcase classname="test_package_Amazon.TestCase9_AddtoCart" name="Amazon_PDP_AddtoCart" time="0.011">
    <failure type="java.lang.NullPointerException" message="Cannot invoke &amp;quot;org.openqa.selenium.SearchContext.findElement(org.openqa.selenium.By)&amp;quot; because &amp;quot;this.searchContext&amp;quot; is null">
      <![CDATA[java.lang.NullPointerException: Cannot invoke "org.openqa.selenium.SearchContext.findElement(org.openqa.selenium.By)" because "this.searchContext" is null
at org.openqa.selenium.support.pagefactory.DefaultElementLocator.findElement(DefaultElementLocator.java:68)
at org.openqa.selenium.support.pagefactory.internal.LocatingElementHandler.invoke(LocatingElementHandler.java:38)
at jdk.proxy2/jdk.proxy2.$Proxy10.sendKeys(Unknown Source)
at source_package_Amazon.Home_Page.Search_function(Home_Page.java:62)
at test_package_Amazon.TestCase9_AddtoCart.Amazon_PDP_AddtoCart(TestCase9_AddtoCart.java:26)
at java.base/java.util.ArrayList.forEach(ArrayList.java:1511)
... Removed 27 stack frames]]>
    </failure>
  </testcase> <!-- Amazon_PDP_AddtoCart -->
  <testcase classname="test_package_Amazon.TestCase10_UpdateQuantity_Delete" name="Amazon_PDP_AddtoCart" time="0.004">
    <failure type="java.lang.NullPointerException" message="Cannot invoke &amp;quot;org.openqa.selenium.SearchContext.findElement(org.openqa.selenium.By)&amp;quot; because &amp;quot;this.searchContext&amp;quot; is null">
      <![CDATA[java.lang.NullPointerException: Cannot invoke "org.openqa.selenium.SearchContext.findElement(org.openqa.selenium.By)" because "this.searchContext" is null
at org.openqa.selenium.support.pagefactory.DefaultElementLocator.findElement(DefaultElementLocator.java:68)
at org.openqa.selenium.support.pagefactory.internal.LocatingElementHandler.invoke(LocatingElementHandler.java:38)
at jdk.proxy2/jdk.proxy2.$Proxy10.sendKeys(Unknown Source)
at source_package_Amazon.Home_Page.Search_function(Home_Page.java:62)
at test_package_Amazon.TestCase10_UpdateQuantity_Delete.Amazon_PDP_AddtoCart(TestCase10_UpdateQuantity_Delete.java:28)
at java.base/java.util.ArrayList.forEach(ArrayList.java:1511)
... Removed 27 stack frames]]>
    </failure>
  </testcase> <!-- Amazon_PDP_AddtoCart -->
  <testcase classname="test_package_Amazon.TestCase10_UpdateQuantity_Delete" name="Amazon_UpdateQuantity_Delete_fromCart" time="0.001">
    <skipped/>
  </testcase> <!-- Amazon_UpdateQuantity_Delete_fromCart -->
</testsuite> <!-- Test on Chrome -->
