<?xml version="1.0" encoding="UTF-8"?>
<!-- Generated by org.testng.reporters.JUnitXMLReporter -->
<testsuite ignored="0" hostname="DESKTOP-AG6T759" failures="0" tests="3" name="Default test" time="68.645" errors="0" timestamp="2024-06-07T18:54:13 IST">
  <testcase classname="test_package_demoqa.DataProvider_login_demoqa" name="login" time="29.058"/>
  <testcase classname="test_package_demoqa.DataProvider_login_demoqa" name="login" time="20.206"/>
  <testcase classname="test_package_demoqa.DataProvider_login_demoqa" name="login" time="19.28"/>
</testsuite> <!-- Default test -->
