<?xml version="1.0" encoding="UTF-8"?>
<testng-results ignored="0" total="3" passed="3" failed="0" skipped="0">
  <reporter-output>
  </reporter-output>
  <suite started-at="2024-06-07T18:53:05 IST" name="Default suite" finished-at="2024-06-07T18:54:13 IST" duration-ms="68645">
    <groups>
    </groups>
    <test started-at="2024-06-07T18:53:05 IST" name="Default test" finished-at="2024-06-07T18:54:13 IST" duration-ms="68645">
      <class name="test_package_demoqa.DataProvider_login_demoqa">
        <test-method signature="login(java.lang.String,java.lang.String)[pri:0, instance:test_package_demoqa.DataProvider_login_demoqa@614ca7df]" started-at="2024-06-07T18:53:05 IST" name="login" data-provider="data1" finished-at="2024-06-07T18:53:34 IST" duration-ms="29058" status="PASS">
          <params>
            <param index="0">
              <value>
                <![CDATA[Suriya]]>
              </value>
            </param>
            <param index="1">
              <value>
                <![CDATA[suriya@123]]>
              </value>
            </param>
          </params>
          <reporter-output>
          </reporter-output>
        </test-method> <!-- login -->
        <test-method signature="login(java.lang.String,java.lang.String)[pri:0, instance:test_package_demoqa.DataProvider_login_demoqa@614ca7df]" started-at="2024-06-07T18:53:34 IST" name="login" data-provider="data1" finished-at="2024-06-07T18:53:54 IST" duration-ms="20206" status="PASS">
          <params>
            <param index="0">
              <value>
                <![CDATA[Sudi]]>
              </value>
            </param>
            <param index="1">
              <value>
                <![CDATA[sudi@456]]>
              </value>
            </param>
          </params>
          <reporter-output>
          </reporter-output>
        </test-method> <!-- login -->
        <test-method signature="login(java.lang.String,java.lang.String)[pri:0, instance:test_package_demoqa.DataProvider_login_demoqa@614ca7df]" started-at="2024-06-07T18:53:54 IST" name="login" data-provider="data1" finished-at="2024-06-07T18:54:13 IST" duration-ms="19280" status="PASS">
          <params>
            <param index="0">
              <value>
                <![CDATA[Hani]]>
              </value>
            </param>
            <param index="1">
              <value>
                <![CDATA[Hani@345]]>
              </value>
            </param>
          </params>
          <reporter-output>
          </reporter-output>
        </test-method> <!-- login -->
      </class> <!-- test_package_demoqa.DataProvider_login_demoqa -->
    </test> <!-- Default test -->
  </suite> <!-- Default suite -->
</testng-results>
